# ALIB: Library `work' attached.
# work = C:/dev/home/takahiro/projects/mist1032sa/sim/inst_level/work/work.lib
# work
# ALOG: Pass 1. Scanning modules hierarchy.
# ALOG: Warning: VCP2515 C:/dev/home/takahiro/projects/mist1032sa/sim/inst_level/tb/tb_inst_level.v : (150, 7): Undefined module: mist1032isa was used. Port connection rules will not be checked at such instantiations.
# ALOG: Warning: VCP2515 C:/dev/home/takahiro/projects/mist1032sa/sim/inst_level/tb/tb_inst_level.v : (229, 7): Undefined module: sim_memory_model was used. Port connection rules will not be checked at such instantiations.
# ALOG: Pass 2. Processing instantiations.
# ALOG: Pass 3. Processing behavioral statements.
# ALOG: ELB/DAG code generating.
# ALOG: Unit top modules: tb_inst_level.
# ALOG: $root top modules: tb_inst_level.
# ALOG: Compile success 0 Errors 2 Warnings  Analysis time: 1[s].
# ALOG: done
# ALOG: Pass 1. Scanning modules hierarchy.
# ALOG: Info: VCP2113 Module \$root found in current working library.
# ALOG: Warning: VCP2515 C:/dev/home/takahiro/projects/mist1032sa/sim/model/sim_memory_model/sim_memory_model.v : (140, 7): Undefined module: mist1032isa_sync_fifo was used. Port connection rules will not be checked at such instantiations.
# ALOG: Pass 2. Processing instantiations.
# ALOG: Pass 3. Processing behavioral statements.
# ALOG: ELB/DAG code generating.
# ALOG: Info: VCP2113 Module \$root found in current working library.
# ALOG: Info: VCP2113 Module tb_inst_level found in current working library.
# ALOG: $root top modules: tb_inst_level.
# ALOG: Compile success 0 Errors 1 Warnings  Analysis time: 0[s].
# ALOG: done
# ALOG: Pass 1. Scanning modules hierarchy.
# ALOG: Info: VCP2113 Module \$root found in current working library.
# ALOG: Info: VCP2876 C:/dev/home/takahiro/projects/mist1032sa/sim/model/altera/altera_mf.v : (36614, 36): Implicit net declaration, symbol systolic1_reg_wire_clk has not been declared in module altmult_add.
# ALOG: Info: VCP2876 C:/dev/home/takahiro/projects/mist1032sa/sim/model/altera/altera_mf.v : (36619, 36): Implicit net declaration, symbol systolic3_reg_wire_clk has not been declared in module altmult_add.
# ALOG: Info: VCP2876 C:/dev/home/takahiro/projects/mist1032sa/sim/model/altera/altera_mf.v : (37027, 35): Implicit net declaration, symbol systolic1_reg_wire_en has not been declared in module altmult_add.
# ALOG: Info: VCP2876 C:/dev/home/takahiro/projects/mist1032sa/sim/model/altera/altera_mf.v : (37032, 35): Implicit net declaration, symbol systolic3_reg_wire_en has not been declared in module altmult_add.
# ALOG: Info: VCP2876 C:/dev/home/takahiro/projects/mist1032sa/sim/model/altera/altera_mf.v : (37449, 36): Implicit net declaration, symbol systolic1_reg_wire_clr has not been declared in module altmult_add.
# ALOG: Info: VCP2876 C:/dev/home/takahiro/projects/mist1032sa/sim/model/altera/altera_mf.v : (37453, 36): Implicit net declaration, symbol systolic3_reg_wire_clr has not been declared in module altmult_add.
# ALOG: Pass 2. Processing instantiations.
# ALOG: Pass 3. Processing behavioral statements.
# ALOG: Parameters in case labels, will not check for overlapping labels (../model/altera/altera_mf.v, ln 49926).
# ALOG: Parameters in case labels, will not check for overlapping labels (../model/altera/altera_mf.v, ln 50205).
# ALOG: ELB/DAG code generating.
# ALOG: Info: VCP2113 Module \$root found in current working library.
# ALOG: Info: VCP2113 Module tb_inst_level found in current working library.
# ALOG: Unit top modules: lcell altpll altlvds_rx altlvds_tx dcfifo altaccumulate altmult_accum altmult_add altfp_mult altsqrt altclklock altddio_bidir altdpram alt3pram parallel_add scfifo altshift_taps a_graycounter altsquare altera_std_synchronizer_bundle alt_cal alt_cal_mm alt_cal_c3gxb alt_cal_sv alt_aeq_s4 alt_eyemon alt_dfe sld_virtual_jtag sld_signaltap altstratixii_oct altparallel_flash_loader altserial_flash_loader sld_virtual_jtag_basic altsource_probe.
# ALOG: $root top modules: tb_inst_level lcell altpll altlvds_rx altlvds_tx dcfifo altaccumulate altmult_accum altmult_add altfp_mult altsqrt altclklock altddio_bidir altdpram alt3pram parallel_add scfifo altshift_taps a_graycounter altsquare altera_std_synchronizer_bundle alt_cal alt_cal_mm alt_cal_c3gxb alt_cal_sv alt_aeq_s4 alt_eyemon alt_dfe sld_virtual_jtag sld_signaltap altstratixii_oct altparallel_flash_loader altserial_flash_loader sld_virtual_jtag_basic altsource_probe.
# ALOG: Compile success 0 Errors 0 Warnings  Analysis time: 8[s].
# ALOG: done
# ALOG: Pass 1. Scanning modules hierarchy.
# ALOG: Info: VCP2113 Module \$root found in current working library.
# ALOG: Warning: VCP2515 C:/dev/home/takahiro/projects/mist1032sa/src/default_peripheral_system.v : (127, 7): Undefined module: dps_utim64 was used. Port connection rules will not be checked at such instantiations.
# ALOG: Warning: VCP2515 C:/dev/home/takahiro/projects/mist1032sa/src/default_peripheral_system.v : (153, 7): Undefined module: dps_sci was used. Port connection rules will not be checked at such instantiations.
# ALOG: Warning: VCP2515 C:/dev/home/takahiro/projects/mist1032sa/src/mist1032sa.v : (171, 7): Undefined module: core_if was used. Port connection rules will not be checked at such instantiations.
# ALOG: Pass 2. Processing instantiations.
# ALOG: Pass 3. Processing behavioral statements.
# ALOG: Warning: VCP2900 C:/dev/home/takahiro/projects/mist1032sa/src/dps_irq.v : (43, 1): Conditional expression 1'b0 at 'if' statement is constant.
# ALOG: ELB/DAG code generating.
# ALOG: Info: VCP2113 Module \$root found in current working library.
# ALOG: Info: VCP2113 Module tb_inst_level found in current working library.
# ALOG: Info: VCP2113 Module lcell found in current working library.
# ALOG: Info: VCP2113 Module altpll found in current working library.
# ALOG: Info: VCP2113 Module altlvds_rx found in current working library.
# ALOG: Info: VCP2113 Module altlvds_tx found in current working library.
# ALOG: Info: VCP2113 Module dcfifo found in current working library.
# ALOG: Info: VCP2113 Module altaccumulate found in current working library.
# ALOG: Info: VCP2113 Module altmult_accum found in current working library.
# ALOG: Info: VCP2113 Module altmult_add found in current working library.
# ALOG: Info: VCP2113 Module altfp_mult found in current working library.
# ALOG: Info: VCP2113 Module altsqrt found in current working library.
# ALOG: Info: VCP2113 Module altclklock found in current working library.
# ALOG: Info: VCP2113 Module altddio_bidir found in current working library.
# ALOG: Info: VCP2113 Module altdpram found in current working library.
# ALOG: Info: VCP2113 Module alt3pram found in current working library.
# ALOG: Info: VCP2113 Module parallel_add found in current working library.
# ALOG: Info: VCP2113 Module scfifo found in current working library.
# ALOG: Info: VCP2113 Module altshift_taps found in current working library.
# ALOG: Info: VCP2113 Module a_graycounter found in current working library.
# ALOG: Info: VCP2113 Module altsquare found in current working library.
# ALOG: Info: VCP2113 Module altera_std_synchronizer_bundle found in current working library.
# ALOG: Info: VCP2113 Module alt_cal found in current working library.
# ALOG: Info: VCP2113 Module alt_cal_mm found in current working library.
# ALOG: Info: VCP2113 Module alt_cal_c3gxb found in current working library.
# ALOG: Info: VCP2113 Module alt_cal_sv found in current working library.
# ALOG: Info: VCP2113 Module alt_aeq_s4 found in current working library.
# ALOG: Info: VCP2113 Module alt_eyemon found in current working library.
# ALOG: Info: VCP2113 Module alt_dfe found in current working library.
# ALOG: Info: VCP2113 Module sld_virtual_jtag found in current working library.
# ALOG: Info: VCP2113 Module sld_signaltap found in current working library.
# ALOG: Info: VCP2113 Module altstratixii_oct found in current working library.
# ALOG: Info: VCP2113 Module altparallel_flash_loader found in current working library.
# ALOG: Info: VCP2113 Module altserial_flash_loader found in current working library.
# ALOG: Info: VCP2113 Module sld_virtual_jtag_basic found in current working library.
# ALOG: Info: VCP2113 Module altsource_probe found in current working library.
# ALOG: Unit top modules: default_peripheral_system mist1032sa peripheral_interface_controller.
# ALOG: $root top modules: tb_inst_level lcell altpll altlvds_rx altlvds_tx dcfifo altaccumulate altmult_accum altmult_add altfp_mult altsqrt altclklock altddio_bidir altdpram alt3pram parallel_add scfifo altshift_taps a_graycounter altsquare altera_std_synchronizer_bundle alt_cal alt_cal_mm alt_cal_c3gxb alt_cal_sv alt_aeq_s4 alt_eyemon alt_dfe sld_virtual_jtag sld_signaltap altstratixii_oct altparallel_flash_loader altserial_flash_loader sld_virtual_jtag_basic altsource_probe default_peripheral_system mist1032sa peripheral_interface_controller.
# ALOG: Compile success 0 Errors 4 Warnings  Analysis time: 1[s].
# ALOG: done
# ALOG: Pass 1. Scanning modules hierarchy.
# ALOG: Info: VCP2113 Module \$root found in current working library.
# ALOG: Error: VCP5018 C:/dev/home/takahiro/projects/mist1032sa/src/dps/dps_irq.v : (43, 32): Macro PROCESSOR_DATA_RESET_EN is not defined.
# ALOG: Error: VCP2000 C:/dev/home/takahiro/projects/mist1032sa/src/dps/dps_irq.v : (43, 45): Syntax error. Unexpected token: ). Expected tokens: ''' , '(' , '{' , 'integer'' , 'real'' ... .
# ALOG: Warning: VCP2515 C:/dev/home/takahiro/projects/mist1032sa/src/dps/dps.v : (151, 7): Undefined module: dps_utim64 was used. Port connection rules will not be checked at such instantiations.
# ALOG: Warning: VCP2515 C:/dev/home/takahiro/projects/mist1032sa/src/dps/dps.v : (176, 7): Undefined module: dps_sci was used. Port connection rules will not be checked at such instantiations.
# ALOG: Warning: VCP2515 C:/dev/home/takahiro/projects/mist1032sa/src/dps/dps.v : (187, 7): Undefined module: dps_mimsr was used. Port connection rules will not be checked at such instantiations.
# ALOG: Compile failure 2 Errors 3 Warnings  Analysis time: 0[s].
# SCRIPTER: Error: C:/dev/home/takahiro/projects/mist1032sa/sim/inst_level/code_check.tcl : (11, 1): Script execution terminated due to error(s).
